<?xml version="1.0" encoding="UTF-8"?>
<!-- Generated by org.testng.reporters.JUnitReportReporter -->
<testsuite hostname="DESKTOP-J1J80GO" failures="0" tests="1" name="test_script.RunnerClass" time="4.017" errors="0" timestamp="2023-04-13T17:16:27 IST" skipped="0">
  <testcase classname="test_script.RunnerClass" name="validLogin" time="4.017"/>
  <system-out/>
</testsuite> <!-- test_script.RunnerClass -->
