<?xml version="1.0" encoding="UTF-8"?>
<!-- Generated by org.testng.reporters.JUnitReportReporter -->
<testsuite hostname="DESKTOP-J1J80GO" failures="0" tests="1" name="test_scripts.TestScript1" time="2.756" errors="0" timestamp="2023-03-25T11:08:40 IST" skipped="0">
  <testcase classname="test_scripts.TestScript1" name="test1" time="2.756"/>
  <system-out/>
</testsuite> <!-- test_scripts.TestScript1 -->
